-------------------------------------------------------------------------------
Test set: com.mightyjava.ApplicationTests
-------------------------------------------------------------------------------
Tests run: 1, Failures: 0, Errors: 1, Skipped: 0, Time elapsed: 0.312 s <<< FAILURE! - in com.mightyjava.ApplicationTests
com.mightyjava.ApplicationTests  Time elapsed: 0.31 s  <<< ERROR!
java.lang.IllegalStateException: Unable to find a @SpringBootConfiguration, you need to use @ContextConfiguration or @SpringBootTest(classes=...) with your test

